<?xml version="1.0" encoding="UTF-8"?>
<!-- Generated by org.testng.reporters.JUnitReportReporter -->
<testsuite skipped="0" hostname="DESKTOP-KD7RQOH" name="sample.SeleniumTest" tests="3" failures="0" timestamp="19 May 2020 14:37:06 GMT" time="0.014" errors="0">
  <testcase name="test" time="0.001" classname="sample.SeleniumTest"/>
  <testcase name="hai" time="0.013" classname="sample.SeleniumTest"/>
  <testcase name="hello" time="0.000" classname="sample.SeleniumTest"/>
</testsuite> <!-- sample.SeleniumTest -->
