<?xml version="1.0" encoding="UTF-8"?>
<!-- Generated by org.testng.reporters.JUnitReportReporter -->
<testsuite skipped="0" hostname="DESKTOP-KD7RQOH" name="sample.SeleTest" tests="2" failures="0" timestamp="19 May 2020 14:36:05 GMT" time="0.002" errors="0">
  <testcase name="samp" time="0.001" classname="sample.SeleTest"/>
  <testcase name="selvi" time="0.001" classname="sample.SeleTest"/>
</testsuite> <!-- sample.SeleTest -->
